SFT Model Evaluation Report
============================================================
Model Path: checkpoints/sft/medium/final
Tokenizer Path: data/models/tokenizers/spm_32k
Prompt Template: instruct
Evaluation Mode: standard
LoRA Enabled: True
============================================================
Loading tokenizer from: data/models/tokenizers/spm_32k
Found SentencePiece model: data/models/tokenizers/spm_32k/spm.model
Loaded SentencePiece model with vocab size: 32768
✓ Created HF tokenizer from SentencePiece model
Special tokens mapping: {'pad': 0, 'unk': 1, 'bos': 2, 'eos': 3}
✓ Tokenizer validation passed - SP32k compatible
Loading model from: checkpoints/sft/medium/final
`torch_dtype` is deprecated! Use `dtype` instead!
✓ Loaded base model
Model parameters: 91,812,352 total, 0 trainable

Calculating perplexity using real text data...
  Processing 1940 text samples in RAW format (like 05_evaluate)...
    Processed 10/50 samples...
    Processed 20/50 samples...
    Processed 30/50 samples...
    Processed 40/50 samples...
    Processed 50/50 samples...

Perplexity Results:
  Format: Raw text (no conversational formatting)
  Samples: 50
  Tokens: 7,281
  Average Loss: 4.1861
  Perplexity: 65.76

Evaluating BoolQ accuracy (max 100 samples)...
  Processing 100 BoolQ samples...
    Processed 25/100 BoolQ samples...
    Processed 50/100 BoolQ samples...
    Processed 75/100 BoolQ samples...
    Processed 100/100 BoolQ samples...

BoolQ Results:
  Samples: 100
  Correct: 44
  Accuracy: 0.440 (44.0%)

Running smoke tests (standard mode)...
  Testing category: basic_knowledge
    basic_knowledge: 0.47 avg quality
  Testing category: language_understanding
    language_understanding: 0.37 avg quality
  Testing category: reasoning
    reasoning: 0.53 avg quality
  Testing category: creativity
    creativity: 0.63 avg quality
  Testing category: instruction_following
    instruction_following: 0.63 avg quality
  Testing category: wikipedia_style
    wikipedia_style: 0.53 avg quality
  Testing category: conversation
    conversation: 0.57 avg quality
  Testing category: multilingual
    multilingual: 0.50 avg quality

Smoke Test Results:
  Categories: 8
  Total prompts: 24
  Average quality: 0.529

============================================================

Generation Test (5 samples):
============================================================

--- Sample 1 ---
Prompt: Explain what machine learning is in simple terms.
Response: #In 1983, IBM developed a artificial language model that was known as "Nert-Aotic" that was designed to detect and classify information from the data. The model was called "Nert-Aotic", which is a simple and efficient way to identify and identify information that is not related to human human behavior. The model also was designed to provide an accurate and accurate view of human behavior, and it was designed to detect and classify information based on its nature. The machine learning model was designed to identify and classify data from people's data. However, it was a complex and challenging
------------------------------------------------------------

--- Sample 2 ---
Prompt: Write a short poem about the ocean.
Response: #1. "A ocean with a beautiful ocean" The ocean is like a lake, surrounded by a natural stream. It is surrounded by the sea, which is made of ice, rocks, and rocks. A ocean is a way of living and moving in the water, where life is going on. As a result, the ocean gets warmer, which makes it more difficult to get up and stay in the ocean. 2. "A ocean with a lovely ocean" The ocean is like a lake, surrounded by a natural stream, where life is going on. This is like a lake, where life is going on. When the
------------------------------------------------------------

--- Sample 3 ---
Prompt: What are the benefits of renewable energy?
Response: #1. Better energy consumption: 20% of the greenhouse emissions from fossil fuels are generated by wind, which is a source of electricity and renewable energy. 3. Icrease carbon emissions: 20% of the greenhouse emissions from fossil fuels come from natural energy sources such as wind, geothermals, and geothermal. 4. Reduce the footprint: The use of renewable energy has a significant impact on the environment and environment. This can be done through the use of solar power, natural energy, or renewable energy. 5. Increase energy consumption: These are the most effective ways to reduce energy consumption and reduce energy consumption
------------------------------------------------------------

--- Sample 4 ---
Prompt: How do you make a good first impression?
Response: #1. Use the word "no" to indicate a strong or weak sentiment. 2. Use words like "very good" and "unpredicible," in a way that suggests a positive sentiment. 3. Use the word "eupant." For example, "a" means "so'" which means "the thing was going out" or "he was doing something much better." 4. Use a word that is "retrat." In this case, "pubs" is used to indicate a strong or weak sentiment. If it is a strong or weak sentiment, it is not considered
------------------------------------------------------------

--- Sample 5 ---
Prompt: Describe the process of photosynthesis.
Response: #1. The reaction of an cell with light energy into a chemical environment creates a new energy molecule called 2-3. 2. The cell has a ability to absorb light from the sun, which requires oxygen to be released. 3. The molecule is released in a small concentration of water, and it is then released into the atmosphere. 4. In the nighttime, the molecule is transformed into an oxygen-rich substance called an 2-3. 5. The carbon dioxide that passes through the cell and travels into the atmosphere in the nighttime is converted into carbon dioxide. 6. This energy molecule
------------------------------------------------------------

Results saved to: evaluation_results/sft/medium/results.json

============================================================
EVALUATION RESULTS
============================================================
Perplexity: 65.76
BoolQ Accuracy: 0.440 (44.0%)
Smoke Test Quality: 0.529
Evaluation Time: 87.2s
Model Parameters: 91,812,352
============================================================
